-------------------------------------------------------------------------------
Test set: tn.Dari.ApplicationTests
-------------------------------------------------------------------------------
Tests run: 1, Failures: 0, Errors: 1, Skipped: 0, Time elapsed: 4.956 s <<< FAILURE! - in tn.Dari.ApplicationTests
contextLoads  Time elapsed: 0.011 s  <<< ERROR!
java.lang.IllegalStateException: Failed to load ApplicationContext
Caused by: org.springframework.beans.factory.BeanCreationException: Error creating bean with name 'entityManagerFactory' defined in class path resource [org/springframework/boot/autoconfigure/orm/jpa/HibernateJpaConfiguration.class]: Invocation of init method failed; nested exception is org.hibernate.AnnotationException: mappedBy reference an unknown target entity property: tn.Dari.entities.Visit.announcement in tn.Dari.entities.Announcement.visits
Caused by: org.hibernate.AnnotationException: mappedBy reference an unknown target entity property: tn.Dari.entities.Visit.announcement in tn.Dari.entities.Announcement.visits

